nohup: ignoring input
🚀  Pooh Dev Gold Analytics — Feeder Started
⏱️   ดึงข้อมูลทุก 15 วินาที
─────────────────────────────────────────────

[3/3/2569 09:58:51] กำลังดึงข้อมูล...
  💰  XAUUSD           : $5367.65
  💱  USD/THB           : 31.4379
  🥇  ทองไทย 96.5%    : ฿79800.76
  🏆  ทองไทย 99.99%   : ฿82247.60
  ➕  Premium           : ฿0
  ❌  Supabase insert error: Could not find the 'calculated_gold_9999' column of 'gold_prices' in the schema cache

[3/3/2569 09:59:06] กำลังดึงข้อมูล...
  💰  XAUUSD           : $5366.90
  💱  USD/THB           : 31.4379
  🥇  ทองไทย 96.5%    : ฿79789.61
  🏆  ทองไทย 99.99%   : ฿82236.11
  ➕  Premium           : ฿0
  ❌  Supabase insert error: Could not find the 'calculated_gold_9999' column of 'gold_prices' in the schema cache

[3/3/2569 09:59:21] กำลังดึงข้อมูล...
  💰  XAUUSD           : $5367.58
  💱  USD/THB           : 31.4379
  🥇  ทองไทย 96.5%    : ฿79799.72
  🏆  ทองไทย 99.99%   : ฿82246.53
  ➕  Premium           : ฿0
  ❌  Supabase insert error: Could not find the 'calculated_gold_9999' column of 'gold_prices' in the schema cache

[3/3/2569 09:59:36] กำลังดึงข้อมูล...
  💰  XAUUSD           : $5366.93
  💱  USD/THB           : 31.4379
  🥇  ทองไทย 96.5%    : ฿79790.06
  🏆  ทองไทย 99.99%   : ฿82236.57
  ➕  Premium           : ฿0
  ❌  Supabase insert error: Could not find the 'calculated_gold_9999' column of 'gold_prices' in the schema cache

[3/3/2569 09:59:51] กำลังดึงข้อมูล...
  💰  XAUUSD           : $5366.47
  💱  USD/THB           : 31.4379
  🥇  ทองไทย 96.5%    : ฿79783.22
  🏆  ทองไทย 99.99%   : ฿82229.52
  ➕  Premium           : ฿0
  ❌  Supabase insert error: Could not find the 'calculated_gold_9999' column of 'gold_prices' in the schema cache

[3/3/2569 10:00:06] กำลังดึงข้อมูล...
  💰  XAUUSD           : $5367.34
  💱  USD/THB           : 31.4379
  🥇  ทองไทย 96.5%    : ฿79796.08
  🏆  ทองไทย 99.99%   : ฿82242.77
  ➕  Premium           : ฿0
  ❌  Supabase insert error: Could not find the 'calculated_gold_9999' column of 'gold_prices' in the schema cache

[3/3/2569 10:00:21] กำลังดึงข้อมูล...
  💰  XAUUSD           : $5368.60
  💱  USD/THB           : 31.4379
  🥇  ทองไทย 96.5%    : ฿79814.88
  🏆  ทองไทย 99.99%   : ฿82262.16
  ➕  Premium           : ฿0
  ❌  Supabase insert error: Could not find the 'calculated_gold_9999' column of 'gold_prices' in the schema cache

[3/3/2569 10:00:36] กำลังดึงข้อมูล...
  💰  XAUUSD           : $5369.37
  💱  USD/THB           : 31.4379
  🥇  ทองไทย 96.5%    : ฿79826.33
  🏆  ทองไทย 99.99%   : ฿82273.96
  ➕  Premium           : ฿0
  ❌  Supabase insert error: Could not find the 'calculated_gold_9999' column of 'gold_prices' in the schema cache

[3/3/2569 10:00:51] กำลังดึงข้อมูล...
  💰  XAUUSD           : $5369.81
  💱  USD/THB           : 31.4379
  🥇  ทองไทย 96.5%    : ฿79832.87
  🏆  ทองไทย 99.99%   : ฿82280.70
  ➕  Premium           : ฿0
  ❌  Supabase insert error: Could not find the 'calculated_gold_9999' column of 'gold_prices' in the schema cache

[3/3/2569 10:01:06] กำลังดึงข้อมูล...
  💰  XAUUSD           : $5370.00
  💱  USD/THB           : 31.4379
  🥇  ทองไทย 96.5%    : ฿79835.70
  🏆  ทองไทย 99.99%   : ฿82283.61
  ➕  Premium           : ฿0
  ❌  Supabase insert error: Could not find the 'calculated_gold_9999' column of 'gold_prices' in the schema cache

[3/3/2569 10:01:21] กำลังดึงข้อมูล...
  💰  XAUUSD           : $5370.86
  💱  USD/THB           : 31.4379
  🥇  ทองไทย 96.5%    : ฿79848.56
  🏆  ทองไทย 99.99%   : ฿82296.86
  ➕  Premium           : ฿0
  ✅  บันทึกลง Supabase สำเร็จ

[3/3/2569 10:01:36] กำลังดึงข้อมูล...
  💰  XAUUSD           : $5370.06
  💱  USD/THB           : 31.4379
  🥇  ทองไทย 96.5%    : ฿79836.66
  🏆  ทองไทย 99.99%   : ฿82284.61
  ➕  Premium           : ฿0
  ✅  บันทึกลง Supabase สำเร็จ

[3/3/2569 10:01:51] กำลังดึงข้อมูล...
  💰  XAUUSD           : $5370.57
  💱  USD/THB           : 31.4379
  🥇  ทองไทย 96.5%    : ฿79844.25
  🏆  ทองไทย 99.99%   : ฿82292.42
  ➕  Premium           : ฿0
  ✅  บันทึกลง Supabase สำเร็จ

[3/3/2569 10:02:06] กำลังดึงข้อมูล...
  💰  XAUUSD           : $5370.41
  💱  USD/THB           : 31.4379
  🥇  ทองไทย 96.5%    : ฿79841.79
  🏆  ทองไทย 99.99%   : ฿82289.89
  ➕  Premium           : ฿0
  ✅  บันทึกลง Supabase สำเร็จ

[3/3/2569 10:02:21] กำลังดึงข้อมูล...
  💰  XAUUSD           : $5370.27
  💱  USD/THB           : 31.4379
  🥇  ทองไทย 96.5%    : ฿79839.71
  🏆  ทองไทย 99.99%   : ฿82287.75
  ➕  Premium           : ฿0
  ✅  บันทึกลง Supabase สำเร็จ

[3/3/2569 10:02:36] กำลังดึงข้อมูล...
  💰  XAUUSD           : $5370.95
  💱  USD/THB           : 31.4379
  🥇  ทองไทย 96.5%    : ฿79849.82
  🏆  ทองไทย 99.99%   : ฿82298.17
  ➕  Premium           : ฿0
  ✅  บันทึกลง Supabase สำเร็จ

[3/3/2569 10:02:51] กำลังดึงข้อมูล...
  💰  XAUUSD           : $5371.09
  💱  USD/THB           : 31.4379
  🥇  ทองไทย 96.5%    : ฿79851.98
  🏆  ทองไทย 99.99%   : ฿82300.39
  ➕  Premium           : ฿0
  ✅  บันทึกลง Supabase สำเร็จ

[3/3/2569 10:03:06] กำลังดึงข้อมูล...
  💰  XAUUSD           : $5370.99
  💱  USD/THB           : 31.4379
  🥇  ทองไทย 96.5%    : ฿79850.42
  🏆  ทองไทย 99.99%   : ฿82298.78
  ➕  Premium           : ฿0
  ✅  บันทึกลง Supabase สำเร็จ

[3/3/2569 10:03:21] กำลังดึงข้อมูล...
  💰  XAUUSD           : $5371.15
  💱  USD/THB           : 31.4379
  🥇  ทองไทย 96.5%    : ฿79852.80
  🏆  ทองไทย 99.99%   : ฿82301.23
  ➕  Premium           : ฿0
  ✅  บันทึกลง Supabase สำเร็จ
